{"/home/davon/Documents/Microverse/Module 2/block 2/todo-list/src/Actions/actions.js": {"path":"/home/davon/Documents/Microverse/Module 2/block 2/todo-list/src/Actions/actions.js","statementMap":{"0":{"start":{"line":3,"column":20},"end":{"line":26,"column":1}},"1":{"start":{"line":4,"column":16},"end":{"line":4,"column":55}},"2":{"start":{"line":5,"column":2},"end":{"line":25,"column":5}},"3":{"start":{"line":6,"column":4},"end":{"line":24,"column":7}},"4":{"start":{"line":7,"column":19},"end":{"line":7,"column":59}},"5":{"start":{"line":8,"column":21},"end":{"line":8,"column":60}},"6":{"start":{"line":9,"column":20},"end":{"line":9,"column":56}},"7":{"start":{"line":11,"column":6},"end":{"line":23,"column":9}},"8":{"start":{"line":12,"column":8},"end":{"line":12,"column":33}},"9":{"start":{"line":13,"column":8},"end":{"line":13,"column":39}},"10":{"start":{"line":14,"column":8},"end":{"line":14,"column":39}},"11":{"start":{"line":15,"column":8},"end":{"line":15,"column":29}},"12":{"start":{"line":16,"column":8},"end":{"line":16,"column":40}},"13":{"start":{"line":17,"column":27},"end":{"line":17,"column":58}},"14":{"start":{"line":18,"column":8},"end":{"line":22,"column":11}},"15":{"start":{"line":19,"column":28},"end":{"line":19,"column":38}},"16":{"start":{"line":20,"column":10},"end":{"line":20,"column":31}},"17":{"start":{"line":21,"column":10},"end":{"line":21,"column":35}},"18":{"start":{"line":28,"column":23},"end":{"line":37,"column":1}},"19":{"start":{"line":29,"column":16},"end":{"line":29,"column":56}},"20":{"start":{"line":30,"column":14},"end":{"line":30,"column":16}},"21":{"start":{"line":32,"column":2},"end":{"line":36,"column":5}},"22":{"start":{"line":33,"column":18},"end":{"line":33,"column":49}},"23":{"start":{"line":34,"column":4},"end":{"line":34,"column":20}},"24":{"start":{"line":35,"column":4},"end":{"line":35,"column":54}},"25":{"start":{"line":39,"column":24},"end":{"line":50,"column":1}},"26":{"start":{"line":40,"column":16},"end":{"line":40,"column":56}},"27":{"start":{"line":42,"column":2},"end":{"line":49,"column":5}},"28":{"start":{"line":43,"column":4},"end":{"line":47,"column":5}},"29":{"start":{"line":44,"column":6},"end":{"line":46,"column":7}},"30":{"start":{"line":45,"column":8},"end":{"line":45,"column":41}},"31":{"start":{"line":48,"column":4},"end":{"line":48,"column":56}},"32":{"start":{"line":52,"column":24},"end":{"line":58,"column":1}},"33":{"start":{"line":53,"column":15},"end":{"line":55,"column":4}},"34":{"start":{"line":54,"column":4},"end":{"line":54,"column":38}},"35":{"start":{"line":54,"column":25},"end":{"line":54,"column":38}},"36":{"start":{"line":56,"column":2},"end":{"line":56,"column":53}},"37":{"start":{"line":57,"column":2},"end":{"line":57,"column":28}},"38":{"start":{"line":60,"column":28},"end":{"line":65,"column":1}},"39":{"start":{"line":61,"column":15},"end":{"line":63,"column":4}},"40":{"start":{"line":62,"column":4},"end":{"line":62,"column":39}},"41":{"start":{"line":62,"column":26},"end":{"line":62,"column":39}},"42":{"start":{"line":64,"column":2},"end":{"line":64,"column":53}},"43":{"start":{"line":67,"column":22},"end":{"line":82,"column":1}},"44":{"start":{"line":68,"column":16},"end":{"line":68,"column":56}},"45":{"start":{"line":69,"column":14},"end":{"line":69,"column":46}},"46":{"start":{"line":71,"column":2},"end":{"line":80,"column":3}},"47":{"start":{"line":72,"column":4},"end":{"line":76,"column":7}},"48":{"start":{"line":73,"column":6},"end":{"line":73,"column":25}},"49":{"start":{"line":74,"column":6},"end":{"line":74,"column":17}},"50":{"start":{"line":75,"column":6},"end":{"line":75,"column":31}},"51":{"start":{"line":78,"column":4},"end":{"line":78,"column":36}},"52":{"start":{"line":79,"column":4},"end":{"line":79,"column":29}},"53":{"start":{"line":81,"column":2},"end":{"line":81,"column":15}}},"fnMap":{"0":{"name":"(anonymous_0)","decl":{"start":{"line":3,"column":20},"end":{"line":3,"column":21}},"loc":{"start":{"line":3,"column":26},"end":{"line":26,"column":1}},"line":3},"1":{"name":"(anonymous_1)","decl":{"start":{"line":5,"column":16},"end":{"line":5,"column":17}},"loc":{"start":{"line":5,"column":27},"end":{"line":25,"column":3}},"line":5},"2":{"name":"(anonymous_2)","decl":{"start":{"line":6,"column":33},"end":{"line":6,"column":34}},"loc":{"start":{"line":6,"column":39},"end":{"line":24,"column":5}},"line":6},"3":{"name":"(anonymous_3)","decl":{"start":{"line":11,"column":15},"end":{"line":11,"column":16}},"loc":{"start":{"line":11,"column":22},"end":{"line":23,"column":7}},"line":11},"4":{"name":"(anonymous_4)","decl":{"start":{"line":18,"column":48},"end":{"line":18,"column":49}},"loc":{"start":{"line":18,"column":54},"end":{"line":22,"column":9}},"line":18},"5":{"name":"(anonymous_5)","decl":{"start":{"line":28,"column":23},"end":{"line":28,"column":24}},"loc":{"start":{"line":28,"column":29},"end":{"line":37,"column":1}},"line":28},"6":{"name":"(anonymous_6)","decl":{"start":{"line":32,"column":16},"end":{"line":32,"column":17}},"loc":{"start":{"line":32,"column":26},"end":{"line":36,"column":3}},"line":32},"7":{"name":"(anonymous_7)","decl":{"start":{"line":39,"column":24},"end":{"line":39,"column":25}},"loc":{"start":{"line":39,"column":32},"end":{"line":50,"column":1}},"line":39},"8":{"name":"(anonymous_8)","decl":{"start":{"line":42,"column":16},"end":{"line":42,"column":17}},"loc":{"start":{"line":42,"column":26},"end":{"line":49,"column":3}},"line":42},"9":{"name":"(anonymous_9)","decl":{"start":{"line":52,"column":24},"end":{"line":52,"column":25}},"loc":{"start":{"line":52,"column":30},"end":{"line":58,"column":1}},"line":52},"10":{"name":"(anonymous_10)","decl":{"start":{"line":53,"column":30},"end":{"line":53,"column":31}},"loc":{"start":{"line":53,"column":39},"end":{"line":55,"column":3}},"line":53},"11":{"name":"(anonymous_11)","decl":{"start":{"line":60,"column":28},"end":{"line":60,"column":29}},"loc":{"start":{"line":60,"column":34},"end":{"line":65,"column":1}},"line":60},"12":{"name":"(anonymous_12)","decl":{"start":{"line":61,"column":30},"end":{"line":61,"column":31}},"loc":{"start":{"line":61,"column":41},"end":{"line":63,"column":3}},"line":61},"13":{"name":"(anonymous_13)","decl":{"start":{"line":67,"column":22},"end":{"line":67,"column":23}},"loc":{"start":{"line":67,"column":33},"end":{"line":82,"column":1}},"line":67},"14":{"name":"(anonymous_14)","decl":{"start":{"line":72,"column":34},"end":{"line":72,"column":35}},"loc":{"start":{"line":72,"column":40},"end":{"line":76,"column":5}},"line":72}},"branchMap":{"0":{"loc":{"start":{"line":43,"column":4},"end":{"line":47,"column":5}},"type":"if","locations":[{"start":{"line":43,"column":4},"end":{"line":47,"column":5}},{"start":{},"end":{}}],"line":43},"1":{"loc":{"start":{"line":44,"column":6},"end":{"line":46,"column":7}},"type":"if","locations":[{"start":{"line":44,"column":6},"end":{"line":46,"column":7}},{"start":{},"end":{}}],"line":44},"2":{"loc":{"start":{"line":54,"column":4},"end":{"line":54,"column":38}},"type":"if","locations":[{"start":{"line":54,"column":4},"end":{"line":54,"column":38}},{"start":{},"end":{}}],"line":54},"3":{"loc":{"start":{"line":62,"column":4},"end":{"line":62,"column":39}},"type":"if","locations":[{"start":{"line":62,"column":4},"end":{"line":62,"column":39}},{"start":{},"end":{}}],"line":62},"4":{"loc":{"start":{"line":71,"column":2},"end":{"line":80,"column":3}},"type":"if","locations":[{"start":{"line":71,"column":2},"end":{"line":80,"column":3}},{"start":{"line":77,"column":9},"end":{"line":80,"column":3}}],"line":71}},"s":{"0":1,"1":0,"2":0,"3":0,"4":0,"5":0,"6":0,"7":0,"8":0,"9":0,"10":0,"11":0,"12":0,"13":0,"14":0,"15":0,"16":0,"17":0,"18":1,"19":1,"20":1,"21":1,"22":1,"23":1,"24":1,"25":1,"26":2,"27":2,"28":3,"29":2,"30":2,"31":3,"32":1,"33":0,"34":0,"35":0,"36":0,"37":0,"38":1,"39":1,"40":1,"41":0,"42":1,"43":1,"44":0,"45":0,"46":0,"47":0,"48":0,"49":0,"50":0,"51":0,"52":0,"53":0},"f":{"0":0,"1":0,"2":0,"3":0,"4":0,"5":1,"6":1,"7":2,"8":3,"9":0,"10":0,"11":1,"12":1,"13":0,"14":0},"b":{"0":[2,1],"1":[2,0],"2":[0,0],"3":[0,1],"4":[0,0]},"_coverageSchema":"1a1c01bbd47fc00a2c39e90264f33305004495a9","hash":"45dc9abc9061cce38adf20317ab2f84646ca2247"}
,"/home/davon/Documents/Microverse/Module 2/block 2/todo-list/src/Controller/controller.js": {"path":"/home/davon/Documents/Microverse/Module 2/block 2/todo-list/src/Controller/controller.js","statementMap":{"0":{"start":{"line":4,"column":14},"end":{"line":4,"column":60}},"1":{"start":{"line":4,"column":20},"end":{"line":4,"column":60}},"2":{"start":{"line":6,"column":18},"end":{"line":8,"column":1}},"3":{"start":{"line":7,"column":2},"end":{"line":7,"column":53}},"4":{"start":{"line":10,"column":15},"end":{"line":21,"column":1}},"5":{"start":{"line":11,"column":14},"end":{"line":11,"column":60}},"6":{"start":{"line":12,"column":14},"end":{"line":12,"column":16}},"7":{"start":{"line":14,"column":2},"end":{"line":14,"column":24}},"8":{"start":{"line":15,"column":2},"end":{"line":15,"column":31}},"9":{"start":{"line":16,"column":2},"end":{"line":16,"column":26}},"10":{"start":{"line":17,"column":2},"end":{"line":17,"column":16}},"11":{"start":{"line":19,"column":2},"end":{"line":19,"column":17}},"12":{"start":{"line":20,"column":2},"end":{"line":20,"column":28}},"13":{"start":{"line":23,"column":26},"end":{"line":33,"column":1}},"14":{"start":{"line":24,"column":14},"end":{"line":24,"column":60}},"15":{"start":{"line":25,"column":14},"end":{"line":25,"column":16}},"16":{"start":{"line":27,"column":2},"end":{"line":27,"column":24}},"17":{"start":{"line":28,"column":2},"end":{"line":28,"column":31}},"18":{"start":{"line":29,"column":2},"end":{"line":29,"column":26}},"19":{"start":{"line":30,"column":2},"end":{"line":30,"column":16}},"20":{"start":{"line":32,"column":2},"end":{"line":32,"column":17}},"21":{"start":{"line":35,"column":13},"end":{"line":43,"column":1}},"22":{"start":{"line":36,"column":2},"end":{"line":42,"column":3}},"23":{"start":{"line":37,"column":18},"end":{"line":37,"column":25}},"24":{"start":{"line":38,"column":4},"end":{"line":41,"column":5}},"25":{"start":{"line":38,"column":17},"end":{"line":38,"column":18}},"26":{"start":{"line":39,"column":34},"end":{"line":39,"column":42}},"27":{"start":{"line":40,"column":6},"end":{"line":40,"column":40}},"28":{"start":{"line":45,"column":15},"end":{"line":51,"column":1}},"29":{"start":{"line":46,"column":18},"end":{"line":49,"column":4}},"30":{"start":{"line":47,"column":4},"end":{"line":47,"column":57}},"31":{"start":{"line":47,"column":21},"end":{"line":47,"column":57}},"32":{"start":{"line":48,"column":4},"end":{"line":48,"column":13}},"33":{"start":{"line":50,"column":2},"end":{"line":50,"column":56}},"34":{"start":{"line":53,"column":15},"end":{"line":63,"column":1}},"35":{"start":{"line":54,"column":16},"end":{"line":54,"column":56}},"36":{"start":{"line":55,"column":14},"end":{"line":55,"column":16}},"37":{"start":{"line":56,"column":2},"end":{"line":62,"column":5}},"38":{"start":{"line":57,"column":4},"end":{"line":61,"column":5}},"39":{"start":{"line":58,"column":6},"end":{"line":58,"column":21}},"40":{"start":{"line":59,"column":6},"end":{"line":59,"column":56}},"41":{"start":{"line":60,"column":6},"end":{"line":60,"column":16}}},"fnMap":{"0":{"name":"(anonymous_0)","decl":{"start":{"line":4,"column":14},"end":{"line":4,"column":15}},"loc":{"start":{"line":4,"column":20},"end":{"line":4,"column":60}},"line":4},"1":{"name":"(anonymous_1)","decl":{"start":{"line":6,"column":18},"end":{"line":6,"column":19}},"loc":{"start":{"line":6,"column":28},"end":{"line":8,"column":1}},"line":6},"2":{"name":"(anonymous_2)","decl":{"start":{"line":10,"column":15},"end":{"line":10,"column":16}},"loc":{"start":{"line":10,"column":31},"end":{"line":21,"column":1}},"line":10},"3":{"name":"(anonymous_3)","decl":{"start":{"line":23,"column":26},"end":{"line":23,"column":27}},"loc":{"start":{"line":23,"column":42},"end":{"line":33,"column":1}},"line":23},"4":{"name":"(anonymous_4)","decl":{"start":{"line":35,"column":13},"end":{"line":35,"column":14}},"loc":{"start":{"line":35,"column":24},"end":{"line":43,"column":1}},"line":35},"5":{"name":"(anonymous_5)","decl":{"start":{"line":45,"column":15},"end":{"line":45,"column":16}},"loc":{"start":{"line":45,"column":30},"end":{"line":51,"column":1}},"line":45},"6":{"name":"(anonymous_6)","decl":{"start":{"line":46,"column":30},"end":{"line":46,"column":31}},"loc":{"start":{"line":46,"column":37},"end":{"line":49,"column":3}},"line":46},"7":{"name":"(anonymous_7)","decl":{"start":{"line":53,"column":15},"end":{"line":53,"column":16}},"loc":{"start":{"line":53,"column":23},"end":{"line":63,"column":1}},"line":53},"8":{"name":"(anonymous_8)","decl":{"start":{"line":56,"column":16},"end":{"line":56,"column":17}},"loc":{"start":{"line":56,"column":26},"end":{"line":62,"column":3}},"line":56}},"branchMap":{"0":{"loc":{"start":{"line":11,"column":14},"end":{"line":11,"column":60}},"type":"binary-expr","locations":[{"start":{"line":11,"column":14},"end":{"line":11,"column":54}},{"start":{"line":11,"column":58},"end":{"line":11,"column":60}}],"line":11},"1":{"loc":{"start":{"line":24,"column":14},"end":{"line":24,"column":60}},"type":"binary-expr","locations":[{"start":{"line":24,"column":14},"end":{"line":24,"column":54}},{"start":{"line":24,"column":58},"end":{"line":24,"column":60}}],"line":24},"2":{"loc":{"start":{"line":36,"column":2},"end":{"line":42,"column":3}},"type":"if","locations":[{"start":{"line":36,"column":2},"end":{"line":42,"column":3}},{"start":{},"end":{}}],"line":36},"3":{"loc":{"start":{"line":47,"column":4},"end":{"line":47,"column":57}},"type":"if","locations":[{"start":{"line":47,"column":4},"end":{"line":47,"column":57}},{"start":{},"end":{}}],"line":47},"4":{"loc":{"start":{"line":57,"column":4},"end":{"line":61,"column":5}},"type":"if","locations":[{"start":{"line":57,"column":4},"end":{"line":61,"column":5}},{"start":{},"end":{}}],"line":57}},"s":{"0":1,"1":7,"2":1,"3":2,"4":1,"5":0,"6":0,"7":0,"8":0,"9":0,"10":0,"11":0,"12":0,"13":1,"14":2,"15":2,"16":2,"17":2,"18":2,"19":2,"20":2,"21":1,"22":0,"23":0,"24":0,"25":0,"26":0,"27":0,"28":1,"29":1,"30":1,"31":1,"32":0,"33":1,"34":1,"35":1,"36":1,"37":1,"38":2,"39":1,"40":1,"41":1},"f":{"0":7,"1":2,"2":0,"3":2,"4":0,"5":1,"6":1,"7":1,"8":2},"b":{"0":[0,0],"1":[2,1],"2":[0,0],"3":[1,0],"4":[1,1]},"_coverageSchema":"1a1c01bbd47fc00a2c39e90264f33305004495a9","hash":"cca87658029264e89884f83bcad85ab0a34e2d45"}
}
