{"/home/davon/Documents/Microverse/Module 2/block 2/todo-list/src/Controller/controller.js": {"path":"/home/davon/Documents/Microverse/Module 2/block 2/todo-list/src/Controller/controller.js","statementMap":{"0":{"start":{"line":3,"column":14},"end":{"line":3,"column":60}},"1":{"start":{"line":3,"column":20},"end":{"line":3,"column":60}},"2":{"start":{"line":5,"column":18},"end":{"line":7,"column":1}},"3":{"start":{"line":6,"column":2},"end":{"line":6,"column":53}},"4":{"start":{"line":9,"column":15},"end":{"line":20,"column":1}},"5":{"start":{"line":10,"column":14},"end":{"line":10,"column":60}},"6":{"start":{"line":11,"column":14},"end":{"line":11,"column":16}},"7":{"start":{"line":13,"column":2},"end":{"line":13,"column":24}},"8":{"start":{"line":14,"column":2},"end":{"line":14,"column":31}},"9":{"start":{"line":15,"column":2},"end":{"line":15,"column":26}},"10":{"start":{"line":16,"column":2},"end":{"line":16,"column":16}},"11":{"start":{"line":18,"column":2},"end":{"line":18,"column":17}},"12":{"start":{"line":19,"column":2},"end":{"line":19,"column":27}},"13":{"start":{"line":22,"column":13},"end":{"line":30,"column":1}},"14":{"start":{"line":23,"column":2},"end":{"line":29,"column":3}},"15":{"start":{"line":24,"column":18},"end":{"line":24,"column":25}},"16":{"start":{"line":25,"column":4},"end":{"line":28,"column":5}},"17":{"start":{"line":25,"column":17},"end":{"line":25,"column":18}},"18":{"start":{"line":26,"column":34},"end":{"line":26,"column":42}},"19":{"start":{"line":27,"column":6},"end":{"line":27,"column":40}},"20":{"start":{"line":32,"column":15},"end":{"line":52,"column":1}},"21":{"start":{"line":33,"column":15},"end":{"line":33,"column":55}},"22":{"start":{"line":34,"column":17},"end":{"line":34,"column":56}},"23":{"start":{"line":35,"column":16},"end":{"line":35,"column":52}},"24":{"start":{"line":37,"column":2},"end":{"line":51,"column":5}},"25":{"start":{"line":38,"column":4},"end":{"line":38,"column":30}},"26":{"start":{"line":39,"column":4},"end":{"line":39,"column":36}},"27":{"start":{"line":40,"column":4},"end":{"line":40,"column":36}},"28":{"start":{"line":41,"column":4},"end":{"line":41,"column":26}},"29":{"start":{"line":42,"column":4},"end":{"line":42,"column":37}},"30":{"start":{"line":43,"column":23},"end":{"line":43,"column":54}},"31":{"start":{"line":44,"column":4},"end":{"line":50,"column":7}},"32":{"start":{"line":45,"column":22},"end":{"line":47,"column":13}},"33":{"start":{"line":45,"column":39},"end":{"line":47,"column":11}},"34":{"start":{"line":48,"column":6},"end":{"line":48,"column":60}},"35":{"start":{"line":49,"column":6},"end":{"line":49,"column":31}},"36":{"start":{"line":54,"column":15},"end":{"line":63,"column":1}},"37":{"start":{"line":55,"column":16},"end":{"line":55,"column":56}},"38":{"start":{"line":56,"column":14},"end":{"line":56,"column":16}},"39":{"start":{"line":57,"column":2},"end":{"line":62,"column":5}},"40":{"start":{"line":58,"column":4},"end":{"line":61,"column":5}},"41":{"start":{"line":59,"column":6},"end":{"line":59,"column":21}},"42":{"start":{"line":60,"column":6},"end":{"line":60,"column":56}}},"fnMap":{"0":{"name":"(anonymous_0)","decl":{"start":{"line":3,"column":14},"end":{"line":3,"column":15}},"loc":{"start":{"line":3,"column":20},"end":{"line":3,"column":60}},"line":3},"1":{"name":"(anonymous_1)","decl":{"start":{"line":5,"column":18},"end":{"line":5,"column":19}},"loc":{"start":{"line":5,"column":28},"end":{"line":7,"column":1}},"line":5},"2":{"name":"(anonymous_2)","decl":{"start":{"line":9,"column":15},"end":{"line":9,"column":16}},"loc":{"start":{"line":9,"column":31},"end":{"line":20,"column":1}},"line":9},"3":{"name":"(anonymous_3)","decl":{"start":{"line":22,"column":13},"end":{"line":22,"column":14}},"loc":{"start":{"line":22,"column":24},"end":{"line":30,"column":1}},"line":22},"4":{"name":"(anonymous_4)","decl":{"start":{"line":32,"column":15},"end":{"line":32,"column":16}},"loc":{"start":{"line":32,"column":23},"end":{"line":52,"column":1}},"line":32},"5":{"name":"(anonymous_5)","decl":{"start":{"line":37,"column":11},"end":{"line":37,"column":12}},"loc":{"start":{"line":37,"column":18},"end":{"line":51,"column":3}},"line":37},"6":{"name":"(anonymous_6)","decl":{"start":{"line":44,"column":44},"end":{"line":44,"column":45}},"loc":{"start":{"line":44,"column":50},"end":{"line":50,"column":5}},"line":44},"7":{"name":"(anonymous_7)","decl":{"start":{"line":45,"column":31},"end":{"line":45,"column":32}},"loc":{"start":{"line":45,"column":39},"end":{"line":47,"column":11}},"line":45},"8":{"name":"(anonymous_8)","decl":{"start":{"line":54,"column":15},"end":{"line":54,"column":16}},"loc":{"start":{"line":54,"column":23},"end":{"line":63,"column":1}},"line":54},"9":{"name":"(anonymous_9)","decl":{"start":{"line":57,"column":16},"end":{"line":57,"column":17}},"loc":{"start":{"line":57,"column":26},"end":{"line":62,"column":3}},"line":57}},"branchMap":{"0":{"loc":{"start":{"line":10,"column":14},"end":{"line":10,"column":60}},"type":"binary-expr","locations":[{"start":{"line":10,"column":14},"end":{"line":10,"column":54}},{"start":{"line":10,"column":58},"end":{"line":10,"column":60}}],"line":10},"1":{"loc":{"start":{"line":23,"column":2},"end":{"line":29,"column":3}},"type":"if","locations":[{"start":{"line":23,"column":2},"end":{"line":29,"column":3}},{"start":{},"end":{}}],"line":23},"2":{"loc":{"start":{"line":45,"column":39},"end":{"line":47,"column":11}},"type":"cond-expr","locations":[{"start":{"line":46,"column":10},"end":{"line":46,"column":49}},{"start":{"line":47,"column":10},"end":{"line":47,"column":11}}],"line":45},"3":{"loc":{"start":{"line":58,"column":4},"end":{"line":61,"column":5}},"type":"if","locations":[{"start":{"line":58,"column":4},"end":{"line":61,"column":5}},{"start":{},"end":{}}],"line":58}},"s":{"0":1,"1":2,"2":1,"3":2,"4":1,"5":2,"6":2,"7":2,"8":2,"9":2,"10":2,"11":2,"12":2,"13":1,"14":0,"15":0,"16":0,"17":0,"18":0,"19":0,"20":1,"21":0,"22":0,"23":0,"24":0,"25":0,"26":0,"27":0,"28":0,"29":0,"30":0,"31":0,"32":0,"33":0,"34":0,"35":0,"36":1,"37":1,"38":1,"39":1,"40":2,"41":1,"42":1},"f":{"0":2,"1":2,"2":2,"3":0,"4":0,"5":0,"6":0,"7":0,"8":1,"9":2},"b":{"0":[2,1],"1":[0,0],"2":[0,0],"3":[1,1]},"_coverageSchema":"1a1c01bbd47fc00a2c39e90264f33305004495a9","hash":"53124e08625db0d2ed33714bfb8493890250c039"}
}
