TN:
SF:src/Actions/actions.js
FN:3,(anonymous_0)
FN:5,(anonymous_1)
FN:6,(anonymous_2)
FN:11,(anonymous_3)
FN:18,(anonymous_4)
FN:28,(anonymous_5)
FN:32,(anonymous_6)
FN:39,(anonymous_7)
FN:42,(anonymous_8)
FN:52,(anonymous_9)
FN:53,(anonymous_10)
FN:60,(anonymous_11)
FN:61,(anonymous_12)
FN:67,(anonymous_13)
FN:72,(anonymous_14)
FNF:15
FNH:6
FNDA:0,(anonymous_0)
FNDA:0,(anonymous_1)
FNDA:0,(anonymous_2)
FNDA:0,(anonymous_3)
FNDA:0,(anonymous_4)
FNDA:1,(anonymous_5)
FNDA:1,(anonymous_6)
FNDA:2,(anonymous_7)
FNDA:3,(anonymous_8)
FNDA:0,(anonymous_9)
FNDA:0,(anonymous_10)
FNDA:1,(anonymous_11)
FNDA:1,(anonymous_12)
FNDA:0,(anonymous_13)
FNDA:0,(anonymous_14)
DA:3,1
DA:4,0
DA:5,0
DA:6,0
DA:7,0
DA:8,0
DA:9,0
DA:11,0
DA:12,0
DA:13,0
DA:14,0
DA:15,0
DA:16,0
DA:17,0
DA:18,0
DA:19,0
DA:20,0
DA:21,0
DA:28,1
DA:29,1
DA:30,1
DA:32,1
DA:33,1
DA:34,1
DA:35,1
DA:39,1
DA:40,2
DA:42,2
DA:43,3
DA:44,2
DA:45,2
DA:48,3
DA:52,1
DA:53,0
DA:54,0
DA:56,0
DA:57,0
DA:60,1
DA:61,1
DA:62,1
DA:64,1
DA:67,1
DA:68,0
DA:69,0
DA:71,0
DA:72,0
DA:73,0
DA:74,0
DA:75,0
DA:78,0
DA:79,0
DA:81,0
LF:52
LH:21
BRDA:43,0,0,2
BRDA:43,0,1,1
BRDA:44,1,0,2
BRDA:44,1,1,0
BRDA:54,2,0,0
BRDA:54,2,1,0
BRDA:62,3,0,0
BRDA:62,3,1,1
BRDA:71,4,0,0
BRDA:71,4,1,0
BRF:10
BRH:4
end_of_record
TN:
SF:src/Controller/controller.js
FN:4,(anonymous_0)
FN:6,(anonymous_1)
FN:10,(anonymous_2)
FN:23,(anonymous_3)
FN:35,(anonymous_4)
FN:45,(anonymous_5)
FN:46,(anonymous_6)
FN:53,(anonymous_7)
FN:56,(anonymous_8)
FNF:9
FNH:7
FNDA:7,(anonymous_0)
FNDA:2,(anonymous_1)
FNDA:0,(anonymous_2)
FNDA:2,(anonymous_3)
FNDA:0,(anonymous_4)
FNDA:1,(anonymous_5)
FNDA:1,(anonymous_6)
FNDA:1,(anonymous_7)
FNDA:2,(anonymous_8)
DA:4,7
DA:6,1
DA:7,2
DA:10,1
DA:11,0
DA:12,0
DA:14,0
DA:15,0
DA:16,0
DA:17,0
DA:19,0
DA:20,0
DA:23,1
DA:24,2
DA:25,2
DA:27,2
DA:28,2
DA:29,2
DA:30,2
DA:32,2
DA:35,1
DA:36,0
DA:37,0
DA:38,0
DA:39,0
DA:40,0
DA:45,1
DA:46,1
DA:47,1
DA:48,0
DA:50,1
DA:53,1
DA:54,1
DA:55,1
DA:56,1
DA:57,2
DA:58,1
DA:59,1
DA:60,1
LF:39
LH:25
BRDA:11,0,0,0
BRDA:11,0,1,0
BRDA:24,1,0,2
BRDA:24,1,1,1
BRDA:36,2,0,0
BRDA:36,2,1,0
BRDA:47,3,0,1
BRDA:47,3,1,0
BRDA:57,4,0,1
BRDA:57,4,1,1
BRF:10
BRH:5
end_of_record
